Arguments: 
  C:\Users\liamr\OneDrive\Desktop\Server\FXServer.exe C:\Users\liamr\OneDrive\Desktop\txData\CFXDefaultFiveM_6340BA.base\resources\[system]\[builders]\yarn\yarn_cli.js install --ignore-scripts --cache-folder C:\Users\liamr\OneDrive\Desktop\txData\CFXDefaultFiveM_6340BA.base\cache\yarn-cache --mutex file:C:\Users\liamr\OneDrive\Desktop\txData\CFXDefaultFiveM_6340BA.base\cache\yarn-mutex

PATH: 
  C:\Windows\system32;C:\Windows;C:\Windows\System32\Wbem;C:\Windows\System32\WindowsPowerShell\v1.0\;C:\Windows\System32\OpenSSH\;C:\Program Files (x86)\NVIDIA Corporation\PhysX\Common;C:\Program Files\PuTTY\;%SystemRoot%\system32;%SystemRoot%;%SystemRoot%\System32\Wbem;%SYSTEMROOT%\System32\WindowsPowerShell\v1.0\;%SYSTEMROOT%\System32\OpenSSH\;C:\Users\liamr\AppData\Local\Programs\Python\Python310\Scripts\;C:\Users\liamr\AppData\Local\Programs\Python\Python310\;C:\Users\liamr\AppData\Local\Programs\Python\Launcher\;C:\Users\liamr\AppData\Local\Microsoft\WindowsApps;C:\Users\liamr\AppData\Local\Programs\Microsoft VS Code\bin;

Yarn version: 
  1.22.5

Node version: 
  16.9.1

Platform: 
  win32 x64

Trace: 
  Error: EPERM: operation not permitted, rmdir 'C:\Users\liamr\OneDrive\Desktop\txData\CFXDefaultFiveM_6340BA.base\resources\EasyAdmin\node_modules\.bin'

npm manifest: 
  {
    "dependencies": {
      "@discordjs/builders": "1.6.3",
      "@discordjs/collection": "1.5.1",
      "@discordjs/core": "0.6.0",
      "@discordjs/formatters": "0.3.1",
      "@discordjs/rest": "1.7.1",
      "@discordjs/util": "0.3.1",
      "@discordjs/ws": "0.8.1",
      "ascii-table": "0.0.9",
      "discord-api-types": "0.37.115",
      "discord.js": "14.12.1",
      "erlpack": "0.1.4",
      "juration": "0.1.1",
      "pretty-ms": "7.0.1",
      "sprintf-js": "1.1.3",
      "zlib-sync": "0.1.9"
    },
    "devDependencies": {
      "eslint": "8.57.1"
    },
    "engines": {
  		"node": "<=16.9.1"
  	},
    "resolutions": {
      "@discordjs/rest": "1.7.1",
      "@discordjs/core": "0.6.0",
      "@discordjs/formatters": "0.3.1",
      "@discordjs/collection": "1.5.1",
      "@discordjs/builders": "1.6.3",
      "@discordjs/util": "0.3.1",
      "@discordjs/ws": "0.8.1",
      "@sapphire/shapeshift": "3.9.2"
    }
  }

yarn manifest: 
  No manifest

Lockfile: 
  No lockfile
